<?xml version="1.0" encoding="UTF-8"?>
<!-- Generated by org.testng.reporters.JUnitReportReporter -->
<testsuite hostname="Anna" failures="0" tests="2" name="TestNG.FactoryTest" time="0.021" errors="0" timestamp="06 июн. 2020 22:45:27 GMT" skipped="0">
  <testcase classname="TestNG.FactoryTest" name="f" time="0.018"/>
  <testcase classname="TestNG.FactoryTest" name="f" time="0.003"/>
</testsuite> <!-- TestNG.FactoryTest -->
