<?xml version="1.0" encoding="UTF-8"?>
<!-- Generated by org.testng.reporters.JUnitReportReporter -->
<testsuite hostname="Anna" failures="0" tests="3" name="TestNG.TestNGDependency" time="0.063" errors="0" timestamp="07 июн. 2020 09:22:19 GMT" skipped="0">
  <testcase classname="TestNG.TestNGDependency" name="A" time="0.011"/>
  <testcase classname="TestNG.TestNGDependency" name="C" time="0.009"/>
  <testcase classname="TestNG.TestNGDependency" name="B" time="0.043"/>
</testsuite> <!-- TestNG.TestNGDependency -->
