<?xml version="1.0" encoding="UTF-8"?>
<!-- Generated by org.testng.reporters.JUnitReportReporter -->
<testsuite hostname="Anna" failures="0" tests="2" name="main.seven.Grid" time="9.243" errors="0" timestamp="2020-06-13T23:40:06 MSK" skipped="1">
  <testcase classname="main.seven.Grid" name="mailTestLocal" time="9.243"/>
  <system-out/>
  <testcase classname="main.seven.Grid" name="mailTest">
    <skipped/>
  </testcase> <!-- mailTest -->
  <system-out/>
</testsuite> <!-- main.seven.Grid -->
