<?xml version="1.0" encoding="UTF-8"?>
<!-- Generated by org.testng.reporters.JUnitReportReporter -->
<testsuite hostname="Anna" failures="0" tests="5" name="TestNG.TestNGPriority" time="0.076" errors="0" timestamp="07 июн. 2020 09:05:19 GMT" skipped="0">
  <testcase classname="TestNG.TestNGPriority" name="P4" time="0.043"/>
  <testcase classname="TestNG.TestNGPriority" name="P2_set1" time="0.015"/>
  <testcase classname="TestNG.TestNGPriority" name="P5_set1" time="0.006"/>
  <testcase classname="TestNG.TestNGPriority" name="P1_set5" time="0.008"/>
  <testcase classname="TestNG.TestNGPriority" name="P3_set4" time="0.004"/>
</testsuite> <!-- TestNG.TestNGPriority -->
