<?xml version="1.0" encoding="UTF-8"?>
<!-- Generated by org.testng.reporters.JUnitReportReporter -->
<testsuite hostname="Anna" failures="0" tests="2" name="TestNG.Lessons" time="0.007" errors="0" timestamp="06 июн. 2020 20:32:27 GMT" skipped="0">
  <testcase classname="TestNG.Lessons" name="f" time="0.003"/>
  <testcase classname="TestNG.Lessons" name="f" time="0.004"/>
</testsuite> <!-- TestNG.Lessons -->
