<?xml version="1.0" encoding="UTF-8"?>
<!-- Generated by org.testng.reporters.JUnitReportReporter -->
<testsuite hostname="Anna" failures="0" tests="1" name="main.seven.pics" time="12.190" errors="0" timestamp="2020-06-14T02:32:08 MSK" skipped="0">
  <testcase classname="main.seven.pics" name="elementScreenshotTest" time="12.190"/>
  <system-out/>
</testsuite> <!-- main.seven.pics -->
