<?xml version="1.0" encoding="UTF-8"?>
<!-- Generated by org.testng.reporters.JUnitReportReporter -->
<testsuite hostname="Anna" failures="0" tests="3" name="TestNG.main.tree.NewTest" time="0.036" errors="0" timestamp="07 июн. 2020 08:51:25 GMT" skipped="1">
  <testcase classname="TestNG.main.tree.NewTest" name="TestNameB" time="0.009"/>
  <testcase classname="TestNG.main.tree.NewTest" name="TestNameA" time="0.027"/>
  <testcase classname="TestNG.main.tree.NewTest" name="TestName">
    <skipped/>
  </testcase> <!-- TestName -->
</testsuite> <!-- TestNG.main.tree.NewTest -->
