<?xml version="1.0" encoding="UTF-8"?>
<!-- Generated by org.testng.reporters.JUnitReportReporter -->
<testsuite hostname="Anna" failures="0" tests="6" name="TestNG.Parameter" time="0.119" errors="0" timestamp="07 июн. 2020 10:56:21 GMT" skipped="0">
  <testcase classname="TestNG.Parameter" name="f" time="0.015"/>
  <testcase classname="TestNG.Parameter" name="d" time="0.010"/>
  <testcase classname="TestNG.Parameter" name="a" time="0.052"/>
  <testcase classname="TestNG.Parameter" name="f" time="0.005"/>
  <testcase classname="TestNG.Parameter" name="a" time="0.007"/>
  <testcase classname="TestNG.Parameter" name="d" time="0.030"/>
</testsuite> <!-- TestNG.Parameter -->
