<?xml version="1.0" encoding="UTF-8"?>
<!-- Generated by org.testng.reporters.JUnitReportReporter -->
<testsuite hostname="Anna" failures="0" tests="3" name="TestNG.TestNGAnnotation" time="0.083" errors="0" timestamp="07 июн. 2020 09:36:41 GMT" skipped="0">
  <testcase classname="TestNG.TestNGAnnotation" name="T2" time="0.034"/>
  <testcase classname="TestNG.TestNGAnnotation" name="T1" time="0.033"/>
  <testcase classname="TestNG.TestNGAnnotation" name="T3" time="0.016"/>
</testsuite> <!-- TestNG.TestNGAnnotation -->
