<?xml version="1.0" encoding="UTF-8"?>
<!-- Generated by org.testng.reporters.JUnitReportReporter -->
<testsuite hostname="Anna" failures="0" tests="4" name="Grid" time="34.788" errors="0" timestamp="2020-06-14T12:14:05 MSK" skipped="2">
  <testcase classname="Grid" name="mailTestLocal" time="20.300"/>
  <system-out/>
  <testcase classname="Grid" name="mailTestLocal" time="14.488"/>
  <system-out/>
  <testcase classname="Grid" name="mailTest">
    <skipped/>
  </testcase> <!-- mailTest -->
  <system-out/>
  <testcase classname="Grid" name="mailTest">
    <skipped/>
  </testcase> <!-- mailTest -->
  <system-out/>
</testsuite> <!-- Grid -->
