<?xml version="1.0" encoding="UTF-8"?>
<!-- Generated by org.testng.reporters.JUnitReportReporter -->
<testsuite hostname="Anna" failures="0" tests="1" name="TestNG.FacebookLoginParallel" time="14.277" errors="0" timestamp="07 июн. 2020 00:18:14 GMT" skipped="0">
  <testcase classname="TestNG.FacebookLoginParallel" name="openBrowser" time="14.277"/>
</testsuite> <!-- TestNG.FacebookLoginParallel -->
