<?xml version="1.0" encoding="UTF-8"?>
<!-- Generated by org.testng.reporters.JUnitReportReporter -->
<testsuite hostname="Anna" failures="0" tests="5" name="main.seven.HTMLUnit" time="15.231" errors="1" timestamp="2020-06-14T11:30:54 MSK" skipped="3">
  <testcase classname="main.seven.HTMLUnit" name="homePage" time="15.012"/>
  <system-out/>
  <testcase classname="main.seven.HTMLUnit" name="homePage_proxy" time="0.219">
    <error message="Этот хост неизвестен (http://proxy.nikitka.net/)" type="java.net.UnknownHostException">
      <![CDATA[java.net.UnknownHostException: Этот хост неизвестен (http://proxy.nikitka.net/)
at java.base/java.net.Inet6AddressImpl.lookupAllHostAddr(Native Method)
at java.base/java.net.InetAddress$PlatformNameService.lookupAllHostAddr(InetAddress.java:929)
at java.base/java.net.InetAddress.getAddressesFromNameService(InetAddress.java:1515)
at java.base/java.net.InetAddress$NameServiceAddresses.get(InetAddress.java:848)
at java.base/java.net.InetAddress.getAllByName0(InetAddress.java:1505)
at java.base/java.net.InetAddress.getAllByName(InetAddress.java:1364)
at java.base/java.net.InetAddress.getAllByName(InetAddress.java:1298)
at org.apache.http.impl.conn.SystemDefaultDnsResolver.resolve(SystemDefaultDnsResolver.java:45)
at org.apache.http.impl.conn.DefaultHttpClientConnectionOperator.connect(DefaultHttpClientConnectionOperator.java:112)
at org.apache.http.impl.conn.PoolingHttpClientConnectionManager.connect(PoolingHttpClientConnectionManager.java:374)
at org.apache.http.impl.execchain.MainClientExec.establishRoute(MainClientExec.java:401)
at org.apache.http.impl.execchain.MainClientExec.execute(MainClientExec.java:236)
at org.apache.http.impl.execchain.ProtocolExec.execute(ProtocolExec.java:185)
at org.apache.http.impl.execchain.RetryExec.execute(RetryExec.java:89)
at org.apache.http.impl.execchain.RedirectExec.execute(RedirectExec.java:110)
at org.apache.http.impl.client.InternalHttpClient.doExecute(InternalHttpClient.java:185)
at org.apache.http.impl.client.CloseableHttpClient.execute(CloseableHttpClient.java:72)
at com.gargoylesoftware.htmlunit.HttpWebConnection.getResponse(HttpWebConnection.java:193)
at com.gargoylesoftware.htmlunit.WebClient.loadWebResponseFromWebConnection(WebClient.java:1402)
at com.gargoylesoftware.htmlunit.WebClient.loadWebResponse(WebClient.java:1321)
at com.gargoylesoftware.htmlunit.WebClient.getPage(WebClient.java:394)
at com.gargoylesoftware.htmlunit.WebClient.getPage(WebClient.java:315)
at com.gargoylesoftware.htmlunit.WebClient.getPage(WebClient.java:466)
at com.gargoylesoftware.htmlunit.WebClient.getPage(WebClient.java:448)
at main.seven.HTMLUnit.homePage_proxy(HTMLUnit.java:102)
at java.base/jdk.internal.reflect.NativeMethodAccessorImpl.invoke0(Native Method)
at java.base/jdk.internal.reflect.NativeMethodAccessorImpl.invoke(NativeMethodAccessorImpl.java:62)
at java.base/jdk.internal.reflect.DelegatingMethodAccessorImpl.invoke(DelegatingMethodAccessorImpl.java:43)
at java.base/java.lang.reflect.Method.invoke(Method.java:567)
at org.testng.internal.MethodInvocationHelper.invokeMethod(MethodInvocationHelper.java:135)
at org.testng.internal.TestInvoker.invokeMethod(TestInvoker.java:598)
at org.testng.internal.TestInvoker.invokeTestMethod(TestInvoker.java:174)
at org.testng.internal.MethodRunner.runInSequence(MethodRunner.java:46)
at org.testng.internal.TestInvoker$MethodInvocationAgent.invoke(TestInvoker.java:821)
at org.testng.internal.TestInvoker.invokeTestMethods(TestInvoker.java:147)
at org.testng.internal.TestMethodWorker.invokeTestMethods(TestMethodWorker.java:146)
at org.testng.internal.TestMethodWorker.run(TestMethodWorker.java:128)
at java.base/java.util.ArrayList.forEach(ArrayList.java:1540)
at org.testng.TestRunner.privateRun(TestRunner.java:767)
at org.testng.TestRunner.run(TestRunner.java:588)
at org.testng.SuiteRunner.runTest(SuiteRunner.java:384)
at org.testng.SuiteRunner.runSequentially(SuiteRunner.java:378)
at org.testng.SuiteRunner.privateRun(SuiteRunner.java:337)
at org.testng.SuiteRunner.run(SuiteRunner.java:286)
at org.testng.SuiteRunnerWorker.runSuite(SuiteRunnerWorker.java:53)
at org.testng.SuiteRunnerWorker.run(SuiteRunnerWorker.java:96)
at org.testng.TestNG.runSuitesSequentially(TestNG.java:1214)
at org.testng.TestNG.runSuitesLocally(TestNG.java:1136)
at org.testng.TestNG.runSuites(TestNG.java:1066)
at org.testng.TestNG.run(TestNG.java:1034)
at org.testng.remote.AbstractRemoteTestNG.run(AbstractRemoteTestNG.java:115)
at org.testng.remote.RemoteTestNG.initAndRun(RemoteTestNG.java:251)
at org.testng.remote.RemoteTestNG.main(RemoteTestNG.java:77)
]]>
    </error>
  </testcase> <!-- homePage_proxy -->
  <system-out/>
  <testcase classname="main.seven.HTMLUnit" name="homePage_Firefox">
    <skipped/>
  </testcase> <!-- homePage_Firefox -->
  <system-out/>
  <testcase classname="main.seven.HTMLUnit" name="SeleniumDriver">
    <skipped/>
  </testcase> <!-- SeleniumDriver -->
  <system-out/>
  <testcase classname="main.seven.HTMLUnit" name="SeleniumDriverCases">
    <skipped/>
  </testcase> <!-- SeleniumDriverCases -->
  <system-out/>
</testsuite> <!-- main.seven.HTMLUnit -->
