<?xml version="1.0" encoding="UTF-8"?>
<!-- Generated by org.testng.reporters.JUnitReportReporter -->
<testsuite hostname="Anna" failures="0" tests="1" name="main.seven.Headless" time="10.991" errors="0" timestamp="2020-06-14T11:34:52 MSK" skipped="0">
  <testcase classname="main.seven.Headless" name="HeadlessChrome" time="10.991"/>
  <system-out/>
</testsuite> <!-- main.seven.Headless -->
