<?xml version="1.0" encoding="UTF-8"?>
<!-- Generated by org.testng.reporters.JUnitReportReporter -->
<testsuite hostname="Anna" failures="0" tests="1" name="TestNG.Child" time="0.034" errors="0" timestamp="07 июн. 2020 09:43:46 GMT" skipped="0">
  <testcase classname="TestNG.Child" name="testCase" time="0.034"/>
</testsuite> <!-- TestNG.Child -->
