<?xml version="1.0" encoding="UTF-8"?>
<!-- Generated by org.testng.reporters.JUnitReportReporter -->
<testsuite hostname="Anna" failures="0" tests="4" name="TestNG.TestNGGrouping2" time="0.016" errors="0" timestamp="07 июн. 2020 05:25:57 GMT" skipped="0">
  <testcase classname="TestNG.TestNGGrouping2" name="G2" time="0.016"/>
  <testcase classname="TestNG.TestNGGrouping2" name="G4" time="0.000"/>
  <testcase classname="TestNG.TestNGGrouping2" name="G3" time="0.000"/>
  <testcase classname="TestNG.TestNGGrouping2" name="G1" time="0.000"/>
</testsuite> <!-- TestNG.TestNGGrouping2 -->
