<?xml version="1.0" encoding="UTF-8"?>
<!-- Generated by org.testng.reporters.JUnitReportReporter -->
<testsuite hostname="Anna" failures="0" tests="1" name="main.seven.time" time="15.709" errors="0" timestamp="2020-06-14T00:32:48 MSK" skipped="0">
  <testcase classname="main.seven.time" name="testLogin" time="15.709"/>
  <system-out/>
</testsuite> <!-- main.seven.time -->
