<?xml version="1.0" encoding="UTF-8"?>
<!-- Generated by org.testng.reporters.JUnitReportReporter -->
<testsuite hostname="Anna" failures="0" tests="3" name="TestNG.TestNGGrouping1" time="0.075" errors="0" timestamp="07 июн. 2020 09:00:55 GMT" skipped="0">
  <testcase classname="TestNG.TestNGGrouping1" name="F2" time="0.052"/>
  <testcase classname="TestNG.TestNGGrouping1" name="F5" time="0.012"/>
  <testcase classname="TestNG.TestNGGrouping1" name="F4" time="0.011"/>
</testsuite> <!-- TestNG.TestNGGrouping1 -->
