<?xml version="1.0" encoding="UTF-8"?>
<!-- Generated by org.testng.reporters.JUnitReportReporter -->
<testsuite hostname="Anna" failures="0" tests="2" name="TestNG.ParallelTest" time="0.049" errors="0" timestamp="06 июн. 2020 23:50:58 GMT" skipped="0">
  <testcase classname="TestNG.ParallelTest" name="Two" time="0.027"/>
  <testcase classname="TestNG.ParallelTest" name="One" time="0.022"/>
</testsuite> <!-- TestNG.ParallelTest -->
