<?xml version="1.0" encoding="UTF-8"?>
<!-- Generated by org.testng.reporters.JUnitReportReporter -->
<testsuite hostname="Nyuta" name="SeleniumTest.FirstTest" tests="1" failures="0" timestamp="12 Apr 2019 12:16:33 GMT" time="0.016" errors="0">
  <testcase name="f" time="0.016" classname="SeleniumTest.FirstTest"/>
</testsuite> <!-- SeleniumTest.FirstTest -->
